<?xml version="1.0" encoding="UTF-8"?>
<!-- Generated by org.testng.reporters.JUnitXMLReporter -->
<testsuite ignored="0" hostname="LAPTOP-K61ULR8P" failures="0" tests="2" name="Default test" time="127.151" errors="0" timestamp="2025-06-19T18:36:03 CLT">
  <testcase classname="main.cl.dagserver.integration.test.JobsDesignCopyValues" name="createDesign" time="48.218"/>
  <testcase classname="main.cl.dagserver.integration.test.JobsDesignCopyValues" name="copyValues" time="39.037"/>
</testsuite> <!-- Default test -->
