<?xml version="1.0" encoding="UTF-8"?>
<testng-results ignored="0" total="2" passed="2" failed="0" skipped="0">
  <reporter-output>
  </reporter-output>
  <suite started-at="2025-06-19T18:33:55 CLT" name="Default suite" finished-at="2025-06-19T18:36:03 CLT" duration-ms="127151">
    <groups>
    </groups>
    <test started-at="2025-06-19T18:33:55 CLT" name="Default test" finished-at="2025-06-19T18:36:03 CLT" duration-ms="127151">
      <class name="main.cl.dagserver.integration.test.JobsDesignCopyValues">
        <test-method is-config="true" signature="beforeAll()[pri:0, instance:main.cl.dagserver.integration.test.JobsDesignCopyValues@5f049ea1]" started-at="2025-06-19T18:33:55 CLT" name="beforeAll" finished-at="2025-06-19T18:34:34 CLT" duration-ms="38365" status="PASS">
          <reporter-output>
          </reporter-output>
        </test-method> <!-- beforeAll -->
        <test-method signature="createDesign()[pri:1, instance:main.cl.dagserver.integration.test.JobsDesignCopyValues@5f049ea1]" started-at="2025-06-19T18:34:34 CLT" name="createDesign" finished-at="2025-06-19T18:35:22 CLT" duration-ms="48218" status="PASS">
          <reporter-output>
          </reporter-output>
        </test-method> <!-- createDesign -->
        <test-method signature="copyValues()[pri:2, instance:main.cl.dagserver.integration.test.JobsDesignCopyValues@5f049ea1]" started-at="2025-06-19T18:35:22 CLT" name="copyValues" finished-at="2025-06-19T18:36:01 CLT" duration-ms="39037" status="PASS">
          <reporter-output>
          </reporter-output>
        </test-method> <!-- copyValues -->
        <test-method is-config="true" signature="afterAll()[pri:0, instance:main.cl.dagserver.integration.test.JobsDesignCopyValues@5f049ea1]" started-at="2025-06-19T18:36:01 CLT" name="afterAll" finished-at="2025-06-19T18:36:03 CLT" duration-ms="1464" status="PASS">
          <reporter-output>
          </reporter-output>
        </test-method> <!-- afterAll -->
      </class> <!-- main.cl.dagserver.integration.test.JobsDesignCopyValues -->
    </test> <!-- Default test -->
  </suite> <!-- Default suite -->
</testng-results>
